<?xml version="1.0" encoding="UTF-8"?>
<testsuite name="ru.stqa.sandbox.MyFirstProgram.SquareTest" tests="1" skipped="0" failures="0" errors="0" timestamp="2022-07-11T15:19:39" hostname="LT-0173" time="0.016">
  <properties/>
  <testcase name="testArea" classname="ru.stqa.sandbox.MyFirstProgram.SquareTest" time="0.016"/>
  <system-out><![CDATA[]]></system-out>
  <system-err><![CDATA[]]></system-err>
</testsuite>
